**0.0813**, **0.0790**, **0.0772**, **0.0761**, **0.0757**, **0.0757**, **0.0757**, **0.0757**, **0.0757**, **0.0757**, **0.0757**, **0.0757**, **0.0757**, **0.0758**, **0.0757**, **0.0758**, **0.0759**, **0.0759**, **0.0760**, **0.0760**, **0.0761**, **0.0761**, **0.0762**, **0.0762**, **0.0762**, **0.0763**, **0.0762**, **0.0763**, **0.0763**, **0.0764**, **0.0764**, **0.0764**, **0.0765**, **0.0766**, **0.0766**, **0.0766**, **0.0767**, **0.0767**, **0.0768**, **0.0768**, **0.0768**, **0.0768**, **0.0768**, **0.0769**, **0.0770**, **0.0771**, **0.0770**, **0.0771**, **0.0770**, **0.0772**, **0.0771**, **0.0771**, **0.0772**, **0.0772**, **0.0772**, **0.0772**, **0.0773**, **0.0773**, **0.0774**, **0.0774**, **0.0774**, **0.0773**, **0.0774**, **0.0774**, **0.0774**, **0.0775**, **0.0775**, **0.0775**, **0.0775**, **0.0775**, **0.0776**, **0.0776**, **0.0776**, **0.0776**, **0.0776**, **0.0776**, **0.0777**, **0.0776**, **0.0776**, **0.0777**, **0.0777**, **0.0777**, **0.0777**, **0.0777**, **0.0778**, **0.0777**, **0.0778**, **0.0777**, **0.0778**, **0.0778**, **0.0779**, **0.0778**, **0.0778**, **0.0779**, **0.0778**, **0.0778**, **0.0778**, **0.0779**, **0.0779**, **0.0779**, 

**0.0855**, **0.0838**, **0.0820**, **0.0805**, **0.0802**, **0.0800**, **0.0801**, **0.0801**, **0.0801**, **0.0801**, **0.0801**, **0.0800**, **0.0802**, **0.0803**, **0.0803**, **0.0805**, **0.0804**, **0.0805**, **0.0806**, **0.0806**, **0.0807**, **0.0806**, **0.0807**, **0.0807**, **0.0808**, **0.0808**, **0.0809**, **0.0809**, **0.0810**, **0.0810**, **0.0811**, **0.0811**, **0.0811**, **0.0812**, **0.0812**, **0.0812**, **0.0813**, **0.0814**, **0.0814**, **0.0814**, **0.0815**, **0.0815**, **0.0816**, **0.0817**, **0.0816**, **0.0816**, **0.0817**, **0.0818**, **0.0818**, **0.0818**, **0.0819**, **0.0819**, **0.0820**, **0.0820**, **0.0819**, **0.0820**, **0.0820**, **0.0821**, **0.0821**, **0.0821**, **0.0821**, **0.0822**, **0.0822**, **0.0822**, **0.0822**, **0.0822**, **0.0823**, **0.0823**, **0.0823**, **0.0824**, **0.0823**, **0.0824**, **0.0823**, **0.0824**, **0.0824**, **0.0824**, **0.0824**, **0.0824**, **0.0824**, **0.0825**, **0.0825**, **0.0825**, **0.0825**, **0.0825**, **0.0825**, **0.0826**, **0.0825**, **0.0826**, **0.0825**, **0.0826**, **0.0826**, **0.0826**, **0.0826**, **0.0826**, **0.0826**, **0.0826**, **0.0827**, **0.0826**, **0.0826**, **0.0827**, 

**0.0901**, **0.0881**, **0.0858**, **0.0845**, **0.0842**, **0.0841**, **0.0841**, **0.0842**, **0.0840**, **0.0841**, **0.0840**, **0.0842**, **0.0841**, **0.0842**, **0.0843**, **0.0843**, **0.0844**, **0.0844**, **0.0844**, **0.0844**, **0.0845**, **0.0846**, **0.0846**, **0.0846**, **0.0847**, **0.0847**, **0.0847**, **0.0848**, **0.0847**, **0.0849**, **0.0849**, **0.0849**, **0.0850**, **0.0850**, **0.0850**, **0.0851**, **0.0851**, **0.0852**, **0.0852**, **0.0852**, **0.0853**, **0.0852**, **0.0853**, **0.0853**, **0.0853**, **0.0854**, **0.0855**, **0.0854**, **0.0855**, **0.0855**, **0.0856**, **0.0856**, **0.0856**, **0.0856**, **0.0856**, **0.0856**, **0.0857**, **0.0856**, **0.0857**, **0.0858**, **0.0857**, **0.0857**, **0.0858**, **0.0858**, **0.0858**, **0.0858**, **0.0857**, **0.0858**, **0.0858**, **0.0859**, **0.0859**, **0.0859**, **0.0859**, **0.0859**, **0.0859**, **0.0859**, **0.0859**, **0.0861**, **0.0860**, **0.0860**, **0.0860**, **0.0860**, **0.0860**, **0.0860**, **0.0860**, **0.0860**, **0.0861**, **0.0861**, **0.0860**, **0.0861**, **0.0861**, **0.0861**, **0.0861**, **0.0861**, **0.0861**, **0.0861**, **0.0862**, **0.0861**, **0.0861**, **0.0862**, 

Own-Elasticities
                   var    Mean     MAE    RMSE
0              el_true  4.8529  0.0000  0.0000
1  el_logit_cross_by_j  4.9022  1.2770  1.8115
2     el_dnn_model_010  2.2385  2.6148  3.0902
Within-Elasticities
                   var    Mean     MAE    RMSE
0              el_true -0.1925  0.0000  0.0000
1  el_logit_cross_by_j  0.0000  0.1925  0.2436
2     el_dnn_model_010 -0.0212  0.4101  0.5563
Cross-Elasticities
                   var    Mean     MAE    RMSE
0              el_true -0.0029  0.0000  0.0000
1  el_logit_cross_by_j  0.0000  0.0123  0.0614
2     el_dnn_model_010  0.0407  0.4111  0.5503
Cross-Elasticities (ZERO)
                   var    Mean     MAE    RMSE
0              el_true  0.0000  0.0000  0.0000
1  el_logit_cross_by_j  0.0000  0.0000  0.0000
2     el_dnn_model_010  0.0415  0.4081  0.5459
Cross-Elasticities (POS)
                   var    Mean     MAE    RMSE
0              el_true  0.1411  0.0000  0.0000
1  el_logit_cross_by_j  0.0000  0.1411  0.2138
2     el_dnn_model_010  0.0573  0.4129  0.5531
Cross-Elasticities (NEG)
                   var    Mean     MAE    RMSE
0              el_true -0.1424  0.0000  0.0000
1  el_logit_cross_by_j  0.0000  0.1424  0.2050
2     el_dnn_model_010  0.0166  0.4617  0.6192
Own-Elasticities
                   var    Mean     MAE    RMSE
0              el_true  4.7720  0.0000  0.0000
1  el_logit_cross_by_j  4.4290  1.1922  1.7361
2     el_dnn_model_010  2.0751  2.6977  3.2034
Within-Elasticities
                   var    Mean     MAE    RMSE
0              el_true -0.2018  0.0000  0.0000
1  el_logit_cross_by_j  0.0000  0.2018  0.2525
2     el_dnn_model_010 -0.0311  0.4086  0.5530
Cross-Elasticities
                   var    Mean     MAE    RMSE
0              el_true  0.0012  0.0000  0.0000
1  el_logit_cross_by_j  0.0000  0.0123  0.0594
2     el_dnn_model_010  0.0363  0.3954  0.5286
Cross-Elasticities (ZERO)
                   var   Mean     MAE    RMSE
0              el_true  0.000  0.0000  0.0000
1  el_logit_cross_by_j  0.000  0.0000  0.0000
2     el_dnn_model_010  0.035  0.3929  0.5252
Cross-Elasticities (POS)
                   var    Mean     MAE    RMSE
0              el_true  0.1452  0.0000  0.0000
1  el_logit_cross_by_j  0.0000  0.1452  0.2151
2     el_dnn_model_010  0.0758  0.4497  0.5921
Cross-Elasticities (NEG)
                   var    Mean     MAE    RMSE
0              el_true -0.1192  0.0000  0.0000
1  el_logit_cross_by_j  0.0000  0.1192  0.1712
2     el_dnn_model_010  0.0225  0.3910  0.5265
Own-Elasticities
                   var    Mean     MAE    RMSE
0              el_true  4.7812  0.0000  0.0000
1  el_logit_cross_by_j  4.5606  1.0821  1.4983
2     el_dnn_model_010  2.2045  2.5781  3.1289
Within-Elasticities
                   var    Mean     MAE    RMSE
0              el_true -0.2206  0.0000  0.0000
1  el_logit_cross_by_j  0.0000  0.2206  0.2774
2     el_dnn_model_010 -0.0478  0.3954  0.5360
Cross-Elasticities
                   var    Mean     MAE    RMSE
0              el_true -0.0008  0.0000  0.0000
1  el_logit_cross_by_j  0.0000  0.0125  0.0587
2     el_dnn_model_010  0.0335  0.3792  0.5089
Cross-Elasticities (ZERO)
                   var    Mean     MAE    RMSE
0              el_true  0.0000  0.0000  0.0000
1  el_logit_cross_by_j  0.0000  0.0000  0.0000
2     el_dnn_model_010  0.0337  0.3766  0.5058
Cross-Elasticities (POS)
                   var    Mean     MAE    RMSE
0              el_true  0.1171  0.0000  0.0000
1  el_logit_cross_by_j  0.0000  0.1171  0.1784
2     el_dnn_model_010  0.0639  0.3962  0.5275
Cross-Elasticities (NEG)
                   var    Mean     MAE    RMSE
0              el_true -0.1339  0.0000  0.0000
1  el_logit_cross_by_j  0.0000  0.1339  0.1926
2     el_dnn_model_010  0.0005  0.4075  0.5431
Optimize Probability
                     var   Total     Own  Within   Cross
0              prob_true  8.0377  0.8985  0.8770  7.6834
1  prob_logit_cross_by_j  7.7597  0.8766  0.8202  7.5269
2     prob_dnn_model_010  7.6883  0.8737  0.8340  7.5158
3      prob_no_disc_true  7.6083  0.8956  0.8770  7.5660
4                 random  7.6092  0.0661  0.2586  7.2845
5           uniform-true  7.6972  0.1876  0.4882  7.4960
Optimize Probability Uplift
                            var   Total     Own  Within   Cross
0              prob_uplift_true  0.4459  0.3408  0.0028  0.2377
1  prob_uplift_logit_cross_by_j  0.1679  0.2717 -0.0092  0.0007
2     prob_uplift_dnn_model_010  0.0964  0.2704 -0.0109 -0.0014
3                        random  0.0174  0.0358 -0.0147 -0.0037
4                  uniform-true  0.1054  0.0820 -0.0013  0.0528
Optimize Revenue
                    var    Total     Own  Within    Cross
0              rev_true  44.9435  3.8234  5.0429  43.7819
1  rev_logit_cross_by_j  43.4272  3.6776  4.8569  42.9465
2     rev_dnn_model_010  43.2640  3.6602  4.7738  42.8327
3      rev_no_disc_true  43.2124  3.7168  5.0429  43.1764
4                random  43.2592  0.2672  1.4725  41.5195
5          uniform-true  43.5996  0.8983  2.6823  42.6242
Optimize Revenue Uplift
                           var   Total     Own  Within   Cross
0              rev_uplift_true  1.6718  1.1022  0.0157  1.3685
1  rev_uplift_logit_cross_by_j  0.1554  0.7768 -0.0618 -0.0307
2     rev_uplift_dnn_model_010 -0.0077  0.7650 -0.0543 -0.0436
3                       random -0.0125  0.0941 -0.0852 -0.0214
4                 uniform-true  0.3278  0.2692 -0.0078  0.2946
Optimize Probability
                     var   Total     Own  Within   Cross
0              prob_true  8.6937  0.9158  0.8763  8.3970
1  prob_logit_cross_by_j  8.4285  0.8932  0.8071  8.2054
2     prob_dnn_model_010  8.3363  0.8902  0.8119  8.1743
3      prob_no_disc_true  8.2584  0.9141  0.8762  8.2274
4                 random  8.2611  0.0710  0.2796  7.9105
5           uniform-true  8.3427  0.2279  0.6001  8.2050
Optimize Probability Uplift
                            var   Total     Own  Within   Cross
0              prob_uplift_true  0.4524  0.3542  0.0031  0.2526
1  prob_uplift_logit_cross_by_j  0.1872  0.2729 -0.0209 -0.0011
2     prob_uplift_dnn_model_010  0.0950  0.2726 -0.0233  0.0010
3                        random  0.0198  0.0380 -0.0171 -0.0011
4                  uniform-true  0.1014  0.0865 -0.0010  0.0556
Optimize Revenue
                    var    Total     Own  Within    Cross
0              rev_true  50.8585  4.0894  5.3475  49.8459
1  rev_logit_cross_by_j  49.0042  3.9095  4.8978  48.7388
2     rev_dnn_model_010  48.9752  3.9385  5.0060  48.5626
3      rev_no_disc_true  48.9341  3.9365  5.3474  48.8307
4                random  48.9253  0.2993  1.6579  46.9681
5          uniform-true  49.3585  0.8995  3.3843  48.7192
Optimize Revenue Uplift
                           var   Total     Own  Within   Cross
0              rev_uplift_true  1.9261  1.2842  0.0170  1.4759
1  rev_uplift_logit_cross_by_j  0.0718  0.8480 -0.0838 -0.0259
2     rev_uplift_dnn_model_010  0.0428  0.7572 -0.1577  0.0009
3                       random -0.0071  0.1036 -0.1037 -0.0070
4                 uniform-true  0.4261  0.2628 -0.0049  0.3220
Optimize Probability
                     var   Total     Own  Within   Cross
0              prob_true  9.3487  0.9219  0.8889  8.9796
1  prob_logit_cross_by_j  9.0523  0.8989  0.8270  8.8239
2     prob_dnn_model_010  8.9558  0.8919  0.8248  8.7935
3      prob_no_disc_true  8.9015  0.9188  0.8889  8.8427
4                 random  8.8818  0.0769  0.2987  8.5061
5           uniform-true  8.9462  0.2537  0.5462  8.7544
Optimize Probability Uplift
                            var   Total     Own  Within   Cross
0              prob_uplift_true  0.4870  0.3647  0.0029  0.2614
1  prob_uplift_logit_cross_by_j  0.1906  0.2805 -0.0187 -0.0071
2     prob_uplift_dnn_model_010  0.0941  0.2792 -0.0222  0.0041
3                        random  0.0201  0.0415 -0.0203 -0.0011
4                  uniform-true  0.0845  0.1091 -0.0011  0.0497
Optimize Revenue
                    var    Total     Own  Within    Cross
0              rev_true  54.9052  4.3349  5.6435  53.7333
1  rev_logit_cross_by_j  53.1334  4.2298  5.2311  52.8030
2     rev_dnn_model_010  53.0380  4.1385  5.1439  52.5969
3      rev_no_disc_true  53.0018  4.2171  5.6435  52.9514
4                random  53.0124  0.3250  1.7861  50.9013
5          uniform-true  53.3117  1.2677  3.4008  52.5246
Optimize Revenue Uplift
                           var   Total     Own  Within   Cross
0              rev_uplift_true  1.8773  1.3329  0.0158  1.5081
1  rev_uplift_logit_cross_by_j  0.1055  0.8865 -0.1217  0.0203
2     rev_uplift_dnn_model_010  0.0101  0.8100 -0.1357  0.0292
3                       random -0.0155  0.1129 -0.1229 -0.0054
4                 uniform-true  0.2838  0.2640 -0.0057  0.2679
type                          own  ...        cross_0
model                              ...               
True Probabilities  4.802 (0.026)  ...  0.000 (0.000)
Our Model           2.173 (0.050)  ...  0.037 (0.002)
Binary Logit        4.631 (0.141)  ...  0.000 (0.000)

[3 rows x 5 columns]
type                          own         within  ...      cross_neg        cross_0
model                                             ...                              
True Probabilities  0.000 (0.000)  0.000 (0.000)  ...  0.000 (0.000)  0.000 (0.000)
Our Model           2.630 (0.035)  0.405 (0.005)  ...  0.420 (0.021)  0.393 (0.009)
Binary Logit        1.184 (0.056)  0.205 (0.008)  ...  0.132 (0.007)  0.000 (0.000)

[3 rows x 5 columns]
                          Total          Own
model                                       
True Probabilities  0.46 (0.01)  0.35 (0.01)
Our Model           0.10 (0.00)  0.27 (0.00)
Binary Logit        0.18 (0.01)  0.28 (0.00)
Best Uniform True   0.10 (0.01)  0.09 (0.01)
Random              0.02 (0.00)  0.04 (0.00)
                           Total          Own
model                                        
True Probabilities   1.83 (0.08)  1.24 (0.07)
Our Model            0.02 (0.01)  0.78 (0.02)
Binary Logit         0.11 (0.02)  0.84 (0.03)
Best Uniform True    0.35 (0.04)  0.27 (0.00)
Random              -0.01 (0.00)  0.10 (0.01)
